app/build/intermediates/manifest_merge_blame_file/release/manifest-merger-blame-release-report.txt
1<?xml version="1.0" encoding="utf-8"?>
2<manifest xmlns:android="http://schemas.android.com/apk/res/android"
3    package="com.apps.abilitytohelp.kidslearning.kidseducation.preschool"
4    android:versionCode="6"
5    android:versionName="1.0.3" >
6
7    <uses-sdk
8        android:minSdkVersion="21"
9        android:targetSdkVersion="34" />
10
11    <uses-permission android:name="android.permission.ACCESS_NETWORK_STATE" />
11-->src/main/AndroidManifest.xml:4:5-79
11-->src/main/AndroidManifest.xml:4:22-76
12    <uses-permission android:name="android.permission.INTERNET" />
12-->src/main/AndroidManifest.xml:5:5-67
12-->src/main/AndroidManifest.xml:5:22-64
13    <uses-permission android:name="android.permission.READ_EXTERNAL_STORAGE" />
13-->src/main/AndroidManifest.xml:6:5-80
13-->src/main/AndroidManifest.xml:6:22-77
14    <uses-permission
14-->src/main/AndroidManifest.xml:7:5-9:38
15        android:name="android.permission.WRITE_EXTERNAL_STORAGE"
15-->src/main/AndroidManifest.xml:8:9-65
16        android:maxSdkVersion="28" />
16-->src/main/AndroidManifest.xml:9:9-35
17
18    <queries>
18-->src/main/AndroidManifest.xml:11:5-15:15
19        <intent>
19-->src/main/AndroidManifest.xml:12:9-14:18
20            <action android:name="com.google.android.youtube.api.service.START" />
20-->src/main/AndroidManifest.xml:13:13-83
20-->src/main/AndroidManifest.xml:13:21-80
21        </intent>
22    </queries>
23
24    <uses-permission android:name="android.permission.POST_NOTIFICATIONS" />
24-->[com.google.firebase:firebase-messaging:23.4.0] AndroidManifest.xml:23:5-77
24-->[com.google.firebase:firebase-messaging:23.4.0] AndroidManifest.xml:23:22-74
25    <uses-permission android:name="android.permission.WAKE_LOCK" /> <!-- Required by older versions of Google Play services to create IID tokens -->
25-->[com.google.firebase:firebase-messaging:23.4.0] AndroidManifest.xml:24:5-68
25-->[com.google.firebase:firebase-messaging:23.4.0] AndroidManifest.xml:24:22-65
26    <uses-permission android:name="com.google.android.c2dm.permission.RECEIVE" />
26-->[com.google.firebase:firebase-messaging:23.4.0] AndroidManifest.xml:26:5-82
26-->[com.google.firebase:firebase-messaging:23.4.0] AndroidManifest.xml:26:22-79
27    <uses-permission android:name="android.permission.RECEIVE_BOOT_COMPLETED" />
27-->[androidx.work:work-runtime:2.9.0] AndroidManifest.xml:25:5-81
27-->[androidx.work:work-runtime:2.9.0] AndroidManifest.xml:25:22-78
28    <uses-permission android:name="android.permission.FOREGROUND_SERVICE" />
28-->[androidx.work:work-runtime:2.9.0] AndroidManifest.xml:26:5-77
28-->[androidx.work:work-runtime:2.9.0] AndroidManifest.xml:26:22-74
29    <uses-permission android:name="com.google.android.finsky.permission.BIND_GET_INSTALL_REFERRER_SERVICE" />
29-->[com.google.android.gms:play-services-measurement:21.5.0] AndroidManifest.xml:26:5-110
29-->[com.google.android.gms:play-services-measurement:21.5.0] AndroidManifest.xml:26:22-107
30    <uses-permission android:name="com.google.android.gms.permission.AD_ID" />
30-->[com.google.android.gms:play-services-measurement-api:21.5.0] AndroidManifest.xml:25:5-79
30-->[com.google.android.gms:play-services-measurement-api:21.5.0] AndroidManifest.xml:25:22-76
31    <uses-permission android:name="android.permission.ACCESS_ADSERVICES_ATTRIBUTION" />
31-->[com.google.android.gms:play-services-measurement-api:21.5.0] AndroidManifest.xml:26:5-88
31-->[com.google.android.gms:play-services-measurement-api:21.5.0] AndroidManifest.xml:26:22-85
32    <uses-permission android:name="android.permission.ACCESS_ADSERVICES_AD_ID" />
32-->[com.google.android.gms:play-services-measurement-api:21.5.0] AndroidManifest.xml:27:5-82
32-->[com.google.android.gms:play-services-measurement-api:21.5.0] AndroidManifest.xml:27:22-79
33
34    <permission
34-->[androidx.core:core:1.12.0] AndroidManifest.xml:22:5-24:47
35        android:name="com.apps.abilitytohelp.kidslearning.kidseducation.preschool.DYNAMIC_RECEIVER_NOT_EXPORTED_PERMISSION"
35-->[androidx.core:core:1.12.0] AndroidManifest.xml:23:9-81
36        android:protectionLevel="signature" />
36-->[androidx.core:core:1.12.0] AndroidManifest.xml:24:9-44
37
38    <uses-permission android:name="com.apps.abilitytohelp.kidslearning.kidseducation.preschool.DYNAMIC_RECEIVER_NOT_EXPORTED_PERMISSION" />
38-->[androidx.core:core:1.12.0] AndroidManifest.xml:26:5-97
38-->[androidx.core:core:1.12.0] AndroidManifest.xml:26:22-94
39
40    <application
40-->src/main/AndroidManifest.xml:17:5-134:19
41        android:name="com.apps.abilitytohelp.kidslearning.kidseducation.preschool.customclasses.AppControl"
41-->src/main/AndroidManifest.xml:18:9-49
42        android:allowBackup="false"
42-->src/main/AndroidManifest.xml:19:9-36
43        android:appComponentFactory="androidx.core.app.CoreComponentFactory"
43-->[androidx.core:core:1.12.0] AndroidManifest.xml:28:18-86
44        android:extractNativeLibs="true"
45        android:fullBackupContent="false"
45-->src/main/AndroidManifest.xml:20:9-42
46        android:fullBackupOnly="false"
46-->src/main/AndroidManifest.xml:21:9-39
47        android:hardwareAccelerated="true"
47-->src/main/AndroidManifest.xml:22:9-43
48        android:icon="@mipmap/ic_launcher_new"
48-->src/main/AndroidManifest.xml:23:9-47
49        android:label="@string/app_name"
49-->src/main/AndroidManifest.xml:24:9-41
50        android:largeHeap="true"
50-->src/main/AndroidManifest.xml:25:9-33
51        android:requestLegacyExternalStorage="true"
51-->src/main/AndroidManifest.xml:26:9-52
52        android:roundIcon="@mipmap/ic_launcher_new_round"
52-->src/main/AndroidManifest.xml:27:9-58
53        android:supportsRtl="true"
53-->src/main/AndroidManifest.xml:28:9-35
54        android:theme="@style/AppTheme"
54-->src/main/AndroidManifest.xml:29:9-40
55        android:usesCleartextTraffic="true" >
55-->src/main/AndroidManifest.xml:30:9-44
56        <activity
56-->src/main/AndroidManifest.xml:31:9-35:15
57            android:name="com.apps.abilitytohelp.kidslearning.kidseducation.preschool.activity.WordImageActivity"
57-->src/main/AndroidManifest.xml:32:13-55
58            android:exported="false"
58-->src/main/AndroidManifest.xml:33:13-37
59            android:screenOrientation="portrait" />
59-->src/main/AndroidManifest.xml:34:13-49
60        <activity
60-->src/main/AndroidManifest.xml:36:9-40:55
61            android:name="com.apps.abilitytohelp.kidslearning.kidseducation.preschool.activity.AskMeAnything"
61-->src/main/AndroidManifest.xml:37:13-51
62            android:exported="false"
62-->src/main/AndroidManifest.xml:38:13-37
63            android:screenOrientation="portrait"
63-->src/main/AndroidManifest.xml:39:13-49
64            android:windowSoftInputMode="adjustPan" />
64-->src/main/AndroidManifest.xml:40:13-52
65        <activity
65-->src/main/AndroidManifest.xml:41:9-44:52
66            android:name="com.apps.abilitytohelp.kidslearning.kidseducation.preschool.activity.MachineLearningActivity"
66-->src/main/AndroidManifest.xml:42:13-61
67            android:exported="false"
67-->src/main/AndroidManifest.xml:43:13-37
68            android:screenOrientation="portrait" />
68-->src/main/AndroidManifest.xml:44:13-49
69        <activity
69-->src/main/AndroidManifest.xml:45:9-48:52
70            android:name="com.apps.abilitytohelp.kidslearning.kidseducation.preschool.activity.ElementDetail"
70-->src/main/AndroidManifest.xml:46:13-51
71            android:exported="false"
71-->src/main/AndroidManifest.xml:47:13-37
72            android:screenOrientation="portrait" />
72-->src/main/AndroidManifest.xml:48:13-49
73        <activity
73-->src/main/AndroidManifest.xml:49:9-52:52
74            android:name="com.apps.abilitytohelp.kidslearning.kidseducation.preschool.activity.PeriodicElementsActivity"
74-->src/main/AndroidManifest.xml:50:13-62
75            android:exported="false"
75-->src/main/AndroidManifest.xml:51:13-37
76            android:screenOrientation="portrait" />
76-->src/main/AndroidManifest.xml:52:13-49
77        <activity
77-->src/main/AndroidManifest.xml:53:9-56:52
78            android:name="com.apps.abilitytohelp.kidslearning.kidseducation.preschool.activity.RiddleActivity"
78-->src/main/AndroidManifest.xml:54:13-52
79            android:exported="false"
79-->src/main/AndroidManifest.xml:55:13-37
80            android:screenOrientation="portrait" />
80-->src/main/AndroidManifest.xml:56:13-49
81        <activity
81-->src/main/AndroidManifest.xml:57:9-60:52
82            android:name="com.apps.abilitytohelp.kidslearning.kidseducation.preschool.activity.SynonymsActivity"
82-->src/main/AndroidManifest.xml:58:13-54
83            android:exported="false"
83-->src/main/AndroidManifest.xml:59:13-37
84            android:screenOrientation="portrait" />
84-->src/main/AndroidManifest.xml:60:13-49
85        <activity
85-->src/main/AndroidManifest.xml:61:9-64:52
86            android:name="com.apps.abilitytohelp.kidslearning.kidseducation.preschool.SurfingActivity"
86-->src/main/AndroidManifest.xml:62:13-44
87            android:exported="false"
87-->src/main/AndroidManifest.xml:63:13-37
88            android:screenOrientation="portrait" />
88-->src/main/AndroidManifest.xml:64:13-49
89        <activity
89-->src/main/AndroidManifest.xml:65:9-68:52
90            android:name="com.apps.abilitytohelp.kidslearning.kidseducation.preschool.activity.FunActivity"
90-->src/main/AndroidManifest.xml:66:13-49
91            android:exported="false"
91-->src/main/AndroidManifest.xml:67:13-37
92            android:screenOrientation="portrait" />
92-->src/main/AndroidManifest.xml:68:13-49
93        <activity
93-->src/main/AndroidManifest.xml:69:9-72:52
94            android:name="com.apps.abilitytohelp.kidslearning.kidseducation.preschool.activity.GuideActivity"
94-->src/main/AndroidManifest.xml:70:13-51
95            android:exported="false"
95-->src/main/AndroidManifest.xml:71:13-37
96            android:screenOrientation="portrait" />
96-->src/main/AndroidManifest.xml:72:13-49
97        <activity
97-->src/main/AndroidManifest.xml:73:9-75:52
98            android:name="com.apps.abilitytohelp.kidslearning.kidseducation.preschool.activity.MainMenu"
98-->src/main/AndroidManifest.xml:74:13-46
99            android:screenOrientation="portrait" />
99-->src/main/AndroidManifest.xml:75:13-49
100        <activity
100-->src/main/AndroidManifest.xml:76:9-86:20
101            android:name="com.apps.abilitytohelp.kidslearning.kidseducation.preschool.activity.SplashActivity"
101-->src/main/AndroidManifest.xml:77:13-52
102            android:exported="true"
102-->src/main/AndroidManifest.xml:78:13-36
103            android:screenOrientation="portrait" >
103-->src/main/AndroidManifest.xml:79:13-49
104            <intent-filter>
104-->src/main/AndroidManifest.xml:80:13-85:29
105                <action android:name="android.intent.action.MAIN" />
105-->src/main/AndroidManifest.xml:81:17-69
105-->src/main/AndroidManifest.xml:81:25-66
106                <action android:name="android.intent.action.VIEW" />
106-->src/main/AndroidManifest.xml:82:17-69
106-->src/main/AndroidManifest.xml:82:25-66
107
108                <category android:name="android.intent.category.LAUNCHER" />
108-->src/main/AndroidManifest.xml:84:17-77
108-->src/main/AndroidManifest.xml:84:27-74
109            </intent-filter>
110        </activity>
111        <activity
111-->src/main/AndroidManifest.xml:87:9-89:52
112            android:name="com.apps.abilitytohelp.kidslearning.kidseducation.preschool.activity.MainActivity"
112-->src/main/AndroidManifest.xml:88:13-50
113            android:screenOrientation="portrait" />
113-->src/main/AndroidManifest.xml:89:13-49
114        <activity
114-->src/main/AndroidManifest.xml:90:9-92:52
115            android:name="com.apps.abilitytohelp.kidslearning.kidseducation.preschool.activity.HomeActivity"
115-->src/main/AndroidManifest.xml:91:13-50
116            android:screenOrientation="portrait" />
116-->src/main/AndroidManifest.xml:92:13-49
117        <activity
117-->src/main/AndroidManifest.xml:93:9-95:52
118            android:name="com.apps.abilitytohelp.kidslearning.kidseducation.preschool.activity.SubActivity"
118-->src/main/AndroidManifest.xml:94:13-49
119            android:screenOrientation="portrait" />
119-->src/main/AndroidManifest.xml:95:13-49
120        <activity
120-->src/main/AndroidManifest.xml:96:9-98:52
121            android:name="com.apps.abilitytohelp.kidslearning.kidseducation.preschool.activity.FullScreenActivity"
121-->src/main/AndroidManifest.xml:97:13-56
122            android:screenOrientation="portrait" />
122-->src/main/AndroidManifest.xml:98:13-49
123        <activity
123-->src/main/AndroidManifest.xml:99:9-101:52
124            android:name="com.apps.abilitytohelp.kidslearning.kidseducation.preschool.activity.exam.LookChooseActivity"
124-->src/main/AndroidManifest.xml:100:13-61
125            android:screenOrientation="portrait" />
125-->src/main/AndroidManifest.xml:101:13-49
126        <activity
126-->src/main/AndroidManifest.xml:102:9-104:52
127            android:name="com.apps.abilitytohelp.kidslearning.kidseducation.preschool.activity.exam.ListenGuessActivity"
127-->src/main/AndroidManifest.xml:103:13-62
128            android:screenOrientation="portrait" />
128-->src/main/AndroidManifest.xml:104:13-49
129        <activity
129-->src/main/AndroidManifest.xml:105:9-107:52
130            android:name="com.apps.abilitytohelp.kidslearning.kidseducation.preschool.activity.video.ListVideoActivity"
130-->src/main/AndroidManifest.xml:106:13-61
131            android:screenOrientation="portrait" />
131-->src/main/AndroidManifest.xml:107:13-49
132        <activity
132-->src/main/AndroidManifest.xml:108:9-110:52
133            android:name="com.apps.abilitytohelp.kidslearning.kidseducation.preschool.activity.video.VideoLearningActivity"
133-->src/main/AndroidManifest.xml:109:13-65
134            android:screenOrientation="portrait" />
134-->src/main/AndroidManifest.xml:110:13-49
135        <activity
135-->src/main/AndroidManifest.xml:111:9-114:54
136            android:name="com.apps.abilitytohelp.kidslearning.kidseducation.preschool.activity.video.VideoPlayActivity"
136-->src/main/AndroidManifest.xml:112:13-61
137            android:configChanges="orientation|screenSize"
137-->src/main/AndroidManifest.xml:113:13-59
138            android:theme="@style/AppThemeYoutube" />
138-->src/main/AndroidManifest.xml:114:13-51
139        <activity
139-->src/main/AndroidManifest.xml:115:9-117:52
140            android:name="com.apps.abilitytohelp.kidslearning.kidseducation.preschool.activity.SettingActivity"
140-->src/main/AndroidManifest.xml:116:13-53
141            android:screenOrientation="portrait" />
141-->src/main/AndroidManifest.xml:117:13-49
142        <activity
142-->src/main/AndroidManifest.xml:118:9-120:52
143            android:name="com.apps.abilitytohelp.kidslearning.kidseducation.preschool.activity.PrivacyPolicyActivity"
143-->src/main/AndroidManifest.xml:119:13-59
144            android:screenOrientation="portrait" />
144-->src/main/AndroidManifest.xml:120:13-49
145
146        <service
146-->src/main/AndroidManifest.xml:122:9-129:19
147            android:name="com.apps.abilitytohelp.kidslearning.kidseducation.preschool.pushnotification.MyFirebaseMessagingService"
147-->src/main/AndroidManifest.xml:123:13-72
148            android:exported="false" >
148-->src/main/AndroidManifest.xml:124:13-37
149            <intent-filter>
149-->src/main/AndroidManifest.xml:125:13-128:29
150                <action android:name="com.google.firebase.MESSAGING_EVENT" />
150-->src/main/AndroidManifest.xml:126:17-78
150-->src/main/AndroidManifest.xml:126:25-75
151                <action android:name="com.google.android.c2dm.intent.RECEIVE" />
151-->src/main/AndroidManifest.xml:127:17-81
151-->src/main/AndroidManifest.xml:127:25-78
152            </intent-filter>
153        </service>
154
155        <meta-data
155-->src/main/AndroidManifest.xml:131:9-133:69
156            android:name="com.google.android.gms.version"
156-->src/main/AndroidManifest.xml:132:13-58
157            android:value="@integer/google_play_services_version" />
157-->src/main/AndroidManifest.xml:133:13-66
158
159        <receiver
159-->[com.google.firebase:firebase-messaging:23.4.0] AndroidManifest.xml:29:9-40:20
160            android:name="com.google.firebase.iid.FirebaseInstanceIdReceiver"
160-->[com.google.firebase:firebase-messaging:23.4.0] AndroidManifest.xml:30:13-78
161            android:exported="true"
161-->[com.google.firebase:firebase-messaging:23.4.0] AndroidManifest.xml:31:13-36
162            android:permission="com.google.android.c2dm.permission.SEND" >
162-->[com.google.firebase:firebase-messaging:23.4.0] AndroidManifest.xml:32:13-73
163            <intent-filter>
163-->[com.google.firebase:firebase-messaging:23.4.0] AndroidManifest.xml:33:13-35:29
164                <action android:name="com.google.android.c2dm.intent.RECEIVE" />
164-->src/main/AndroidManifest.xml:127:17-81
164-->src/main/AndroidManifest.xml:127:25-78
165            </intent-filter>
166
167            <meta-data
167-->[com.google.firebase:firebase-messaging:23.4.0] AndroidManifest.xml:37:13-39:40
168                android:name="com.google.android.gms.cloudmessaging.FINISHED_AFTER_HANDLED"
168-->[com.google.firebase:firebase-messaging:23.4.0] AndroidManifest.xml:38:17-92
169                android:value="true" />
169-->[com.google.firebase:firebase-messaging:23.4.0] AndroidManifest.xml:39:17-37
170        </receiver>
171        <!--
172             FirebaseMessagingService performs security checks at runtime,
173             but set to not exported to explicitly avoid allowing another app to call it.
174        -->
175        <service
175-->[com.google.firebase:firebase-messaging:23.4.0] AndroidManifest.xml:46:9-53:19
176            android:name="com.google.firebase.messaging.FirebaseMessagingService"
176-->[com.google.firebase:firebase-messaging:23.4.0] AndroidManifest.xml:47:13-82
177            android:directBootAware="true"
177-->[com.google.firebase:firebase-messaging:23.4.0] AndroidManifest.xml:48:13-43
178            android:exported="false" >
178-->[com.google.firebase:firebase-messaging:23.4.0] AndroidManifest.xml:49:13-37
179            <intent-filter android:priority="-500" >
179-->[com.google.firebase:firebase-messaging:23.4.0] AndroidManifest.xml:50:13-52:29
179-->[com.google.firebase:firebase-messaging:23.4.0] AndroidManifest.xml:50:28-51
180                <action android:name="com.google.firebase.MESSAGING_EVENT" />
180-->src/main/AndroidManifest.xml:126:17-78
180-->src/main/AndroidManifest.xml:126:25-75
181            </intent-filter>
182        </service>
183        <service
183-->[com.google.firebase:firebase-messaging:23.4.0] AndroidManifest.xml:54:9-63:19
184            android:name="com.google.firebase.components.ComponentDiscoveryService"
184-->[com.google.firebase:firebase-messaging:23.4.0] AndroidManifest.xml:55:13-84
185            android:directBootAware="true"
185-->[com.google.firebase:firebase-common:20.4.2] AndroidManifest.xml:32:13-43
186            android:exported="false" >
186-->[com.google.firebase:firebase-messaging:23.4.0] AndroidManifest.xml:56:13-37
187            <meta-data
187-->[com.google.firebase:firebase-messaging:23.4.0] AndroidManifest.xml:57:13-59:85
188                android:name="com.google.firebase.components:com.google.firebase.messaging.FirebaseMessagingKtxRegistrar"
188-->[com.google.firebase:firebase-messaging:23.4.0] AndroidManifest.xml:58:17-122
189                android:value="com.google.firebase.components.ComponentRegistrar" />
189-->[com.google.firebase:firebase-messaging:23.4.0] AndroidManifest.xml:59:17-82
190            <meta-data
190-->[com.google.firebase:firebase-messaging:23.4.0] AndroidManifest.xml:60:13-62:85
191                android:name="com.google.firebase.components:com.google.firebase.messaging.FirebaseMessagingRegistrar"
191-->[com.google.firebase:firebase-messaging:23.4.0] AndroidManifest.xml:61:17-119
192                android:value="com.google.firebase.components.ComponentRegistrar" />
192-->[com.google.firebase:firebase-messaging:23.4.0] AndroidManifest.xml:62:17-82
193            <meta-data
193-->[com.google.android.gms:play-services-measurement-api:21.5.0] AndroidManifest.xml:37:13-39:85
194                android:name="com.google.firebase.components:com.google.firebase.analytics.connector.internal.AnalyticsConnectorRegistrar"
194-->[com.google.android.gms:play-services-measurement-api:21.5.0] AndroidManifest.xml:38:17-139
195                android:value="com.google.firebase.components.ComponentRegistrar" />
195-->[com.google.android.gms:play-services-measurement-api:21.5.0] AndroidManifest.xml:39:17-82
196            <meta-data
196-->[com.google.firebase:firebase-installations:17.2.0] AndroidManifest.xml:15:13-17:85
197                android:name="com.google.firebase.components:com.google.firebase.installations.FirebaseInstallationsKtxRegistrar"
197-->[com.google.firebase:firebase-installations:17.2.0] AndroidManifest.xml:16:17-130
198                android:value="com.google.firebase.components.ComponentRegistrar" />
198-->[com.google.firebase:firebase-installations:17.2.0] AndroidManifest.xml:17:17-82
199            <meta-data
199-->[com.google.firebase:firebase-installations:17.2.0] AndroidManifest.xml:18:13-20:85
200                android:name="com.google.firebase.components:com.google.firebase.installations.FirebaseInstallationsRegistrar"
200-->[com.google.firebase:firebase-installations:17.2.0] AndroidManifest.xml:19:17-127
201                android:value="com.google.firebase.components.ComponentRegistrar" />
201-->[com.google.firebase:firebase-installations:17.2.0] AndroidManifest.xml:20:17-82
202            <meta-data
202-->[com.google.firebase:firebase-common-ktx:20.4.2] AndroidManifest.xml:12:13-14:85
203                android:name="com.google.firebase.components:com.google.firebase.ktx.FirebaseCommonLegacyRegistrar"
203-->[com.google.firebase:firebase-common-ktx:20.4.2] AndroidManifest.xml:13:17-116
204                android:value="com.google.firebase.components.ComponentRegistrar" />
204-->[com.google.firebase:firebase-common-ktx:20.4.2] AndroidManifest.xml:14:17-82
205            <meta-data
205-->[com.google.firebase:firebase-common:20.4.2] AndroidManifest.xml:35:13-37:85
206                android:name="com.google.firebase.components:com.google.firebase.FirebaseCommonKtxRegistrar"
206-->[com.google.firebase:firebase-common:20.4.2] AndroidManifest.xml:36:17-109
207                android:value="com.google.firebase.components.ComponentRegistrar" />
207-->[com.google.firebase:firebase-common:20.4.2] AndroidManifest.xml:37:17-82
208            <meta-data
208-->[com.google.firebase:firebase-datatransport:18.1.7] AndroidManifest.xml:27:13-29:85
209                android:name="com.google.firebase.components:com.google.firebase.datatransport.TransportRegistrar"
209-->[com.google.firebase:firebase-datatransport:18.1.7] AndroidManifest.xml:28:17-115
210                android:value="com.google.firebase.components.ComponentRegistrar" />
210-->[com.google.firebase:firebase-datatransport:18.1.7] AndroidManifest.xml:29:17-82
211        </service>
212
213        <provider
213-->[androidx.work:work-runtime:2.9.0] AndroidManifest.xml:29:9-37:20
214            android:name="androidx.startup.InitializationProvider"
214-->[androidx.work:work-runtime:2.9.0] AndroidManifest.xml:30:13-67
215            android:authorities="com.apps.abilitytohelp.kidslearning.kidseducation.preschool.androidx-startup"
215-->[androidx.work:work-runtime:2.9.0] AndroidManifest.xml:31:13-68
216            android:exported="false" >
216-->[androidx.work:work-runtime:2.9.0] AndroidManifest.xml:32:13-37
217            <meta-data
217-->[androidx.work:work-runtime:2.9.0] AndroidManifest.xml:34:13-36:52
218                android:name="androidx.work.WorkManagerInitializer"
218-->[androidx.work:work-runtime:2.9.0] AndroidManifest.xml:35:17-68
219                android:value="androidx.startup" />
219-->[androidx.work:work-runtime:2.9.0] AndroidManifest.xml:36:17-49
220            <meta-data
220-->[androidx.emoji2:emoji2:1.2.0] AndroidManifest.xml:29:13-31:52
221                android:name="androidx.emoji2.text.EmojiCompatInitializer"
221-->[androidx.emoji2:emoji2:1.2.0] AndroidManifest.xml:30:17-75
222                android:value="androidx.startup" />
222-->[androidx.emoji2:emoji2:1.2.0] AndroidManifest.xml:31:17-49
223            <meta-data
223-->[androidx.lifecycle:lifecycle-process:2.7.0] AndroidManifest.xml:29:13-31:52
224                android:name="androidx.lifecycle.ProcessLifecycleInitializer"
224-->[androidx.lifecycle:lifecycle-process:2.7.0] AndroidManifest.xml:30:17-78
225                android:value="androidx.startup" />
225-->[androidx.lifecycle:lifecycle-process:2.7.0] AndroidManifest.xml:31:17-49
226            <meta-data
226-->[androidx.profileinstaller:profileinstaller:1.3.0] AndroidManifest.xml:29:13-31:52
227                android:name="androidx.profileinstaller.ProfileInstallerInitializer"
227-->[androidx.profileinstaller:profileinstaller:1.3.0] AndroidManifest.xml:30:17-85
228                android:value="androidx.startup" />
228-->[androidx.profileinstaller:profileinstaller:1.3.0] AndroidManifest.xml:31:17-49
229        </provider>
230
231        <service
231-->[androidx.work:work-runtime:2.9.0] AndroidManifest.xml:39:9-45:35
232            android:name="androidx.work.impl.background.systemalarm.SystemAlarmService"
232-->[androidx.work:work-runtime:2.9.0] AndroidManifest.xml:40:13-88
233            android:directBootAware="false"
233-->[androidx.work:work-runtime:2.9.0] AndroidManifest.xml:41:13-44
234            android:enabled="@bool/enable_system_alarm_service_default"
234-->[androidx.work:work-runtime:2.9.0] AndroidManifest.xml:42:13-72
235            android:exported="false" />
235-->[androidx.work:work-runtime:2.9.0] AndroidManifest.xml:43:13-37
236        <service
236-->[androidx.work:work-runtime:2.9.0] AndroidManifest.xml:46:9-52:35
237            android:name="androidx.work.impl.background.systemjob.SystemJobService"
237-->[androidx.work:work-runtime:2.9.0] AndroidManifest.xml:47:13-84
238            android:directBootAware="false"
238-->[androidx.work:work-runtime:2.9.0] AndroidManifest.xml:48:13-44
239            android:enabled="@bool/enable_system_job_service_default"
239-->[androidx.work:work-runtime:2.9.0] AndroidManifest.xml:49:13-70
240            android:exported="true"
240-->[androidx.work:work-runtime:2.9.0] AndroidManifest.xml:50:13-36
241            android:permission="android.permission.BIND_JOB_SERVICE" />
241-->[androidx.work:work-runtime:2.9.0] AndroidManifest.xml:51:13-69
242        <service
242-->[androidx.work:work-runtime:2.9.0] AndroidManifest.xml:53:9-59:35
243            android:name="androidx.work.impl.foreground.SystemForegroundService"
243-->[androidx.work:work-runtime:2.9.0] AndroidManifest.xml:54:13-81
244            android:directBootAware="false"
244-->[androidx.work:work-runtime:2.9.0] AndroidManifest.xml:55:13-44
245            android:enabled="@bool/enable_system_foreground_service_default"
245-->[androidx.work:work-runtime:2.9.0] AndroidManifest.xml:56:13-77
246            android:exported="false" />
246-->[androidx.work:work-runtime:2.9.0] AndroidManifest.xml:57:13-37
247
248        <receiver
248-->[androidx.work:work-runtime:2.9.0] AndroidManifest.xml:61:9-66:35
249            android:name="androidx.work.impl.utils.ForceStopRunnable$BroadcastReceiver"
249-->[androidx.work:work-runtime:2.9.0] AndroidManifest.xml:62:13-88
250            android:directBootAware="false"
250-->[androidx.work:work-runtime:2.9.0] AndroidManifest.xml:63:13-44
251            android:enabled="true"
251-->[androidx.work:work-runtime:2.9.0] AndroidManifest.xml:64:13-35
252            android:exported="false" />
252-->[androidx.work:work-runtime:2.9.0] AndroidManifest.xml:65:13-37
253        <receiver
253-->[androidx.work:work-runtime:2.9.0] AndroidManifest.xml:67:9-77:20
254            android:name="androidx.work.impl.background.systemalarm.ConstraintProxy$BatteryChargingProxy"
254-->[androidx.work:work-runtime:2.9.0] AndroidManifest.xml:68:13-106
255            android:directBootAware="false"
255-->[androidx.work:work-runtime:2.9.0] AndroidManifest.xml:69:13-44
256            android:enabled="false"
256-->[androidx.work:work-runtime:2.9.0] AndroidManifest.xml:70:13-36
257            android:exported="false" >
257-->[androidx.work:work-runtime:2.9.0] AndroidManifest.xml:71:13-37
258            <intent-filter>
258-->[androidx.work:work-runtime:2.9.0] AndroidManifest.xml:73:13-76:29
259                <action android:name="android.intent.action.ACTION_POWER_CONNECTED" />
259-->[androidx.work:work-runtime:2.9.0] AndroidManifest.xml:74:17-87
259-->[androidx.work:work-runtime:2.9.0] AndroidManifest.xml:74:25-84
260                <action android:name="android.intent.action.ACTION_POWER_DISCONNECTED" />
260-->[androidx.work:work-runtime:2.9.0] AndroidManifest.xml:75:17-90
260-->[androidx.work:work-runtime:2.9.0] AndroidManifest.xml:75:25-87
261            </intent-filter>
262        </receiver>
263        <receiver
263-->[androidx.work:work-runtime:2.9.0] AndroidManifest.xml:78:9-88:20
264            android:name="androidx.work.impl.background.systemalarm.ConstraintProxy$BatteryNotLowProxy"
264-->[androidx.work:work-runtime:2.9.0] AndroidManifest.xml:79:13-104
265            android:directBootAware="false"
265-->[androidx.work:work-runtime:2.9.0] AndroidManifest.xml:80:13-44
266            android:enabled="false"
266-->[androidx.work:work-runtime:2.9.0] AndroidManifest.xml:81:13-36
267            android:exported="false" >
267-->[androidx.work:work-runtime:2.9.0] AndroidManifest.xml:82:13-37
268            <intent-filter>
268-->[androidx.work:work-runtime:2.9.0] AndroidManifest.xml:84:13-87:29